<?xml version="1.0" encoding="UTF-8"?>
<!-- Generated by org.testng.reporters.JUnitXMLReporter -->
<testsuite ignored="1" hostname="DESKTOP-9J8SNU6" failures="0" tests="3" name="Register Tests" time="45.076" errors="0" timestamp="2025-01-29T17:29:54 IST">
  <testcase classname="simplemaven.mavenproject.Signuppage" name="setup" time="3.708"/>
  <testcase classname="simplemaven.mavenproject.Signuppage" name="testproductdetails" time="0.223"/>
  <testcase classname="simplemaven.mavenproject.Register" name="Register" time="41.077"/>
  <testcase classname="simplemaven.mavenproject.Signuppage" name="utilisedetails" time="0.0">
    <ignored/>
  </testcase> <!-- utilisedetails -->
</testsuite> <!-- Register Tests -->
