<?xml version="1.0" encoding="UTF-8"?>
<!-- Generated by org.testng.reporters.JUnitXMLReporter -->
<testsuite ignored="1" hostname="DESKTOP-9J8SNU6" failures="0" tests="1" name="Default test" time="4.285" errors="0" timestamp="2025-01-30T09:58:50 IST">
  <testcase classname="simplemaven.mavenproject.Signuppage" name="setup" time="3.954"/>
  <testcase classname="simplemaven.mavenproject.Signuppage" name="loginData" time="0.0">
    <ignored/>
  </testcase> <!-- loginData -->
</testsuite> <!-- Default test -->
