<?xml version="1.0" encoding="UTF-8"?>
<testng-results ignored="0" total="2" passed="2" failed="0" skipped="0">
  <reporter-output>
  </reporter-output>
  <suite started-at="2025-01-29T17:50:11 IST" name="Default suite" finished-at="2025-01-29T17:50:18 IST" duration-ms="6218">
    <groups>
    </groups>
    <test started-at="2025-01-29T17:50:11 IST" name="Default test" finished-at="2025-01-29T17:50:18 IST" duration-ms="6218">
      <class name="simplemaven.mavenproject.Signuppage">
        <test-method signature="loginData(java.lang.String,java.lang.String)[pri:0, instance:simplemaven.mavenproject.Signuppage@173ed316]" started-at="2025-01-29T17:50:11 IST" name="loginData" data-provider="Tejashwini" finished-at="2025-01-29T17:50:15 IST" duration-ms="3838" status="PASS">
          <params>
            <param index="0">
              <value>
                <![CDATA[standard_user]]>
              </value>
            </param>
            <param index="1">
              <value>
                <![CDATA[secret_sauce]]>
              </value>
            </param>
          </params>
          <reporter-output>
          </reporter-output>
        </test-method> <!-- loginData -->
        <test-method signature="loginData(java.lang.String,java.lang.String)[pri:0, instance:simplemaven.mavenproject.Signuppage@173ed316]" started-at="2025-01-29T17:50:15 IST" name="loginData" data-provider="Tejashwini" finished-at="2025-01-29T17:50:17 IST" duration-ms="2140" status="PASS">
          <params>
            <param index="0">
              <value>
                <![CDATA[locked_out_user]]>
              </value>
            </param>
            <param index="1">
              <value>
                <![CDATA[secret_sauce]]>
              </value>
            </param>
          </params>
          <reporter-output>
          </reporter-output>
        </test-method> <!-- loginData -->
        <test-method is-config="true" signature="close()[pri:0, instance:simplemaven.mavenproject.Signuppage@173ed316]" started-at="2025-01-29T17:50:17 IST" name="close" finished-at="2025-01-29T17:50:18 IST" duration-ms="196" status="PASS">
          <reporter-output>
          </reporter-output>
        </test-method> <!-- close -->
      </class> <!-- simplemaven.mavenproject.Signuppage -->
    </test> <!-- Default test -->
  </suite> <!-- Default suite -->
</testng-results>
