<?xml version="1.0" encoding="UTF-8"?>
<testng-results ignored="1" total="2" passed="1" failed="0" skipped="0">
  <reporter-output>
  </reporter-output>
  <suite started-at="2025-01-31T18:15:00 IST" name="Default suite" finished-at="2025-01-31T18:15:02 IST" duration-ms="1094">
    <groups>
    </groups>
    <test started-at="2025-01-31T18:15:00 IST" name="Default test" finished-at="2025-01-31T18:15:02 IST" duration-ms="1094">
      <class name="Tests.Signuptest">
        <test-method is-config="true" signature="preProcess()[pri:0, instance:Tests.Signuptest@428640fa]" started-at="2025-01-31T18:14:46 IST" name="preProcess" finished-at="2025-01-31T18:15:00 IST" duration-ms="14701" status="PASS">
          <reporter-output>
          </reporter-output>
        </test-method> <!-- preProcess -->
        <test-method signature="login()[pri:0, instance:Tests.Signuptest@428640fa]" started-at="2025-01-31T18:15:01 IST" name="login" finished-at="2025-01-31T18:15:02 IST" duration-ms="996" status="PASS">
          <reporter-output>
          </reporter-output>
        </test-method> <!-- login -->
        <test-method is-config="true" signature="closeBrowser()[pri:0, instance:Tests.Signuptest@428640fa]" started-at="2025-01-31T18:15:02 IST" name="closeBrowser" finished-at="2025-01-31T18:15:02 IST" duration-ms="344" status="PASS">
          <reporter-output>
          </reporter-output>
        </test-method> <!-- closeBrowser -->
      </class> <!-- Tests.Signuptest -->
    </test> <!-- Default test -->
  </suite> <!-- Default suite -->
</testng-results>
