<?xml version="1.0" encoding="UTF-8"?>
<testng-results ignored="0" total="1" passed="1" failed="0" skipped="0">
  <reporter-output>
  </reporter-output>
  <suite started-at="2025-01-20T17:32:32 IST" name="Default suite" finished-at="2025-01-20T17:34:03 IST" duration-ms="91005">
    <groups>
    </groups>
    <test started-at="2025-01-20T17:32:32 IST" name="Default test" finished-at="2025-01-20T17:34:03 IST" duration-ms="91005">
      <class name="simplemaven.mavenproject.Register">
        <test-method signature="Register()[pri:0, instance:simplemaven.mavenproject.Register@791f145a]" started-at="2025-01-20T17:32:32 IST" name="Register" finished-at="2025-01-20T17:34:03 IST" duration-ms="90971" status="PASS">
          <reporter-output>
          </reporter-output>
        </test-method> <!-- Register -->
      </class> <!-- simplemaven.mavenproject.Register -->
    </test> <!-- Default test -->
  </suite> <!-- Default suite -->
</testng-results>
